Qflow LVS logfile created on Wed 16 Apr 2025 02:38:41 AM PDT
netgen ${lvs_options} -batch lvs "${rootname}.spice ${rootname}" 
	"${synthdir}/${rootname}.spc ${rootname}" ${setup_script} ${outfile} 
	-json -blackbox
Netgen 1.5.134 compiled on Wed 09 Apr 2025 11:25:43 PM PDT
Warning: netgen command 'global' use fully-qualified name '::netgen::global'
Generating JSON file result
Treating empty subcircuits as black-box cells
Reading netlist file atm_fsm.spice
Reading netlist file /home/robot/Desktop/ASIC/Project/synthesis/atm_fsm.spc
Reading setup file /usr/local/share/qflow/tech/osu035/osu035_setup.tcl
No property w found for device r
No property l found for device r
Error /usr/local/share/qflow/tech/osu035/osu035_setup.tcl:5 (ignoring), No such cell or bad file number!
Error /usr/local/share/qflow/tech/osu035/osu035_setup.tcl:6 (ignoring), No such cell or bad file number!
Warning:  There were errors reading the setup file
Comparison output logged to file comp.out
Logging to file "comp.out" enabled
Contents of circuit 1:  Circuit: 'CLKBUF1'
Circuit CLKBUF1 contains 0 device instances.
Circuit contains 0 nets, and 4 disconnected pins.
Contents of circuit 2:  Circuit: 'CLKBUF1'
Circuit CLKBUF1 contains 16 device instances.
  Class: pfet                  instances:   8
  Class: nfet                  instances:   8
Circuit contains 7 nets.

Circuit CLKBUF1 contains no devices.
Contents of circuit 1:  Circuit: 'BUFX4'
Circuit BUFX4 contains 0 device instances.
Circuit contains 0 nets, and 4 disconnected pins.
Contents of circuit 2:  Circuit: 'BUFX4'
Circuit BUFX4 contains 6 device instances.
  Class: pfet                  instances:   3
  Class: nfet                  instances:   3
Circuit contains 5 nets.

Circuit BUFX4 contains no devices.
Contents of circuit 1:  Circuit: 'BUFX2'
Circuit BUFX2 contains 0 device instances.
Circuit contains 0 nets, and 4 disconnected pins.
Contents of circuit 2:  Circuit: 'BUFX2'
Circuit BUFX2 contains 4 device instances.
  Class: pfet                  instances:   2
  Class: nfet                  instances:   2
Circuit contains 5 nets.

Circuit BUFX2 contains no devices.
Contents of circuit 1:  Circuit: 'INVX8'
Circuit INVX8 contains 0 device instances.
Circuit contains 0 nets, and 4 disconnected pins.
Contents of circuit 2:  Circuit: 'INVX8'
Circuit INVX8 contains 8 device instances.
  Class: pfet                  instances:   4
  Class: nfet                  instances:   4
Circuit contains 4 nets.

Circuit INVX8 contains no devices.
Contents of circuit 1:  Circuit: 'INVX1'
Circuit INVX1 contains 0 device instances.
Circuit contains 0 nets, and 4 disconnected pins.
Contents of circuit 2:  Circuit: 'INVX1'
Circuit INVX1 contains 2 device instances.
  Class: pfet                  instances:   1
  Class: nfet                  instances:   1
Circuit contains 4 nets.

Circuit INVX1 contains no devices.
Contents of circuit 1:  Circuit: 'INVX2'
Circuit INVX2 contains 0 device instances.
Circuit contains 0 nets, and 4 disconnected pins.
Contents of circuit 2:  Circuit: 'INVX2'
Circuit INVX2 contains 2 device instances.
  Class: pfet                  instances:   1
  Class: nfet                  instances:   1
Circuit contains 4 nets.

Circuit INVX2 contains no devices.
Contents of circuit 1:  Circuit: 'NOR2X1'
Circuit NOR2X1 contains 0 device instances.
Circuit contains 0 nets, and 5 disconnected pins.
Contents of circuit 2:  Circuit: 'NOR2X1'
Circuit NOR2X1 contains 4 device instances.
  Class: pfet                  instances:   2
  Class: nfet                  instances:   2
Circuit contains 6 nets.

Circuit NOR2X1 contains no devices.
Contents of circuit 1:  Circuit: 'NAND2X1'
Circuit NAND2X1 contains 0 device instances.
Circuit contains 0 nets, and 5 disconnected pins.
Contents of circuit 2:  Circuit: 'NAND2X1'
Circuit NAND2X1 contains 4 device instances.
  Class: pfet                  instances:   2
  Class: nfet                  instances:   2
Circuit contains 6 nets.

Circuit NAND2X1 contains no devices.
Contents of circuit 1:  Circuit: 'NAND3X1'
Circuit NAND3X1 contains 0 device instances.
Circuit contains 0 nets, and 6 disconnected pins.
Contents of circuit 2:  Circuit: 'NAND3X1'
Circuit NAND3X1 contains 6 device instances.
  Class: pfet                  instances:   3
  Class: nfet                  instances:   3
Circuit contains 8 nets.

Circuit NAND3X1 contains no devices.
Contents of circuit 1:  Circuit: 'OAI21X1'
Circuit OAI21X1 contains 0 device instances.
Circuit contains 0 nets, and 6 disconnected pins.
Contents of circuit 2:  Circuit: 'OAI21X1'
Circuit OAI21X1 contains 6 device instances.
  Class: pfet                  instances:   3
  Class: nfet                  instances:   3
Circuit contains 8 nets.

Circuit OAI21X1 contains no devices.
Contents of circuit 1:  Circuit: 'AND2X2'
Circuit AND2X2 contains 0 device instances.
Circuit contains 0 nets, and 5 disconnected pins.
Contents of circuit 2:  Circuit: 'AND2X2'
Circuit AND2X2 contains 6 device instances.
  Class: pfet                  instances:   3
  Class: nfet                  instances:   3
Circuit contains 7 nets.

Circuit AND2X2 contains no devices.
Contents of circuit 1:  Circuit: 'AOI21X1'
Circuit AOI21X1 contains 0 device instances.
Circuit contains 0 nets, and 6 disconnected pins.
Contents of circuit 2:  Circuit: 'AOI21X1'
Circuit AOI21X1 contains 6 device instances.
  Class: pfet                  instances:   3
  Class: nfet                  instances:   3
Circuit contains 8 nets.

Circuit AOI21X1 contains no devices.
Contents of circuit 1:  Circuit: 'OR2X2'
Circuit OR2X2 contains 0 device instances.
Circuit contains 0 nets, and 5 disconnected pins.
Contents of circuit 2:  Circuit: 'OR2X2'
Circuit OR2X2 contains 6 device instances.
  Class: pfet                  instances:   3
  Class: nfet                  instances:   3
Circuit contains 7 nets.

Circuit OR2X2 contains no devices.
Contents of circuit 1:  Circuit: 'XOR2X1'
Circuit XOR2X1 contains 0 device instances.
Circuit contains 0 nets, and 5 disconnected pins.
Contents of circuit 2:  Circuit: 'XOR2X1'
Circuit XOR2X1 contains 12 device instances.
  Class: pfet                  instances:   6
  Class: nfet                  instances:   6
Circuit contains 11 nets.

Circuit XOR2X1 contains no devices.
Contents of circuit 1:  Circuit: 'XNOR2X1'
Circuit XNOR2X1 contains 0 device instances.
Circuit contains 0 nets, and 5 disconnected pins.
Contents of circuit 2:  Circuit: 'XNOR2X1'
Circuit XNOR2X1 contains 12 device instances.
  Class: pfet                  instances:   6
  Class: nfet                  instances:   6
Circuit contains 11 nets.

Circuit XNOR2X1 contains no devices.
Contents of circuit 1:  Circuit: 'NOR3X1'
Circuit NOR3X1 contains 0 device instances.
Circuit contains 0 nets, and 6 disconnected pins.
Contents of circuit 2:  Circuit: 'NOR3X1'
Circuit NOR3X1 contains 9 device instances.
  Class: pfet                  instances:   6
  Class: nfet                  instances:   3
Circuit contains 8 nets.

Circuit NOR3X1 contains no devices.
Contents of circuit 1:  Circuit: 'OAI22X1'
Circuit OAI22X1 contains 0 device instances.
Circuit contains 0 nets, and 7 disconnected pins.
Contents of circuit 2:  Circuit: 'OAI22X1'
Circuit OAI22X1 contains 8 device instances.
  Class: pfet                  instances:   4
  Class: nfet                  instances:   4
Circuit contains 10 nets.

Circuit OAI22X1 contains no devices.
Contents of circuit 1:  Circuit: 'AOI22X1'
Circuit AOI22X1 contains 0 device instances.
Circuit contains 0 nets, and 7 disconnected pins.
Contents of circuit 2:  Circuit: 'AOI22X1'
Circuit AOI22X1 contains 8 device instances.
  Class: pfet                  instances:   4
  Class: nfet                  instances:   4
Circuit contains 10 nets.

Circuit AOI22X1 contains no devices.
Contents of circuit 1:  Circuit: 'DFFSR'
Circuit DFFSR contains 0 device instances.
Circuit contains 0 nets, and 7 disconnected pins.
Contents of circuit 2:  Circuit: 'DFFSR'
Circuit DFFSR contains 32 device instances.
  Class: pfet                  instances:  16
  Class: nfet                  instances:  16
Circuit contains 20 nets.

Circuit DFFSR contains no devices.
Contents of circuit 1:  Circuit: 'atm_fsm'
Circuit atm_fsm contains 286 device instances.
  Class: NOR3X1                instances:   3
  Class: OR2X2                 instances:   3
  Class: AOI22X1               instances:   3
  Class: NOR2X1                instances:  43
  Class: NAND3X1               instances:  25
  Class: OAI22X1               instances:   2
  Class: XOR2X1                instances:   1
  Class: AOI21X1               instances:   6
  Class: NAND2X1               instances:  28
  Class: OAI21X1               instances:  59
  Class: XNOR2X1               instances:   3
  Class: BUFX2                 instances:   7
  Class: BUFX4                 instances:  20
  Class: DFFSR                 instances:  39
  Class: AND2X2                instances:   4
  Class: CLKBUF1               instances:   6
  Class: INVX1                 instances:  22
  Class: INVX2                 instances:   9
  Class: INVX8                 instances:   3
Circuit contains 298 nets, and 16 disconnected pins.
Contents of circuit 2:  Circuit: 'atm_fsm'
Circuit atm_fsm contains 286 device instances.
  Class: NOR3X1                instances:   3
  Class: OR2X2                 instances:   3
  Class: AOI22X1               instances:   3
  Class: NOR2X1                instances:  43
  Class: NAND3X1               instances:  25
  Class: OAI22X1               instances:   2
  Class: XOR2X1                instances:   1
  Class: AOI21X1               instances:   6
  Class: NAND2X1               instances:  28
  Class: OAI21X1               instances:  59
  Class: XNOR2X1               instances:   3
  Class: BUFX2                 instances:   7
  Class: BUFX4                 instances:  20
  Class: DFFSR                 instances:  39
  Class: AND2X2                instances:   4
  Class: CLKBUF1               instances:   6
  Class: INVX1                 instances:  22
  Class: INVX2                 instances:   9
  Class: INVX8                 instances:   3
Circuit contains 298 nets, and 16 disconnected pins.

Circuit 1 contains 286 devices, Circuit 2 contains 286 devices.
Circuit 1 contains 298 nets,    Circuit 2 contains 298 nets.

Netlists match uniquely.
Result: Circuits match uniquely.
Logging to file "comp.out" disabled
LVS Done.
/usr/local/share/qflow/scripts/count_lvs.py
LVS reports no net, device, pin, or property mismatches.

Total errors = 0
LVS checking script ended on Wed 16 Apr 2025 02:38:42 AM PDT
