Qflow migration logfile created on Wed 16 Apr 2025 02:38:19 AM PDT
magic -dnull -noconsole  migrate_atm_fsm.tcl

Magic 8.2 revision 157 - Compiled on Thu, 07 Nov 2019 21:14:45 +0100.
Starting magic under Tcl interpreter
Using the terminal as the console.
Using NULL graphics device.
Processing system .magicrc file
Input style lambda=0.20(p): scaleFactor=20, multiplier=1
Contact size value ignored (using GDS generation rules).
Contact size value ignored (using GDS generation rules).
Contact size value ignored (using GDS generation rules).
Contact size value ignored (using GDS generation rules).
Contact size value ignored (using GDS generation rules).
Contact size value ignored (using GDS generation rules).
4 Magic internal units = 1 Lambda
Loading "migrate_atm_fsm.tcl" from command line.
Root cell box:
           width x height  (   llx,  lly  ), (   urx,  ury  )

microns:    0.00 x 0.00    (  0.00,  0.00 ), (  0.00,  0.00 )
lambda:     0.00 x 0.00    (  0.00,  0.00 ), (  0.00,  0.00 )
internal:      0 x 0       (     0,  0    ), (     0,  0    )
Reading LEF data from file /usr/local/share/qflow/tech/osu035/osu035_stdcells.lef.
This action cannot be undone.
LEF read, Line 16 (Message): Unknown keyword "OBS" in LEF file; ignoring.
LEF read, Line 17 (Message): Unknown keyword "PIN" in LEF file; ignoring.
LEF read, Line 207 (Message): Defines site corner (ignored)
LEF read, Line 213 (Message): Defines site IO (ignored)
LEF read, Line 219 (Message): Defines site core (ignored)
Moving label "CLK" from metal1 to m2contact in cell DFFNEGX1.
Moving label "CLK" from metal1 to m2contact in cell DFFNEGX1.
Moving label "A" from metal1 to m2contact in cell XNOR2X1.
LEF read: Processed 3179 lines.
Reading DEF data from file atm_fsm.def.
This action cannot be undone.
  Processed 3 vias total.
  Processed 358 subcell instances total.
  Processed 33 pins total.
  Processed 313 nets total.
DEF read, Line 4145 (Warning): Number of nets read (46) does not match the number declared (47).
DEF read: Processed 4146 lines.
DEF Read: encountered 1 warning total.
Generating LEF output atm_fsm.lef for cell atm_fsm:
Diagnostic:  Write LEF header for cell atm_fsm
Diagnostic:  Writing LEF output for cell atm_fsm
Diagnostic:  Scale value is 0.050000
Extracting AND2X2 into AND2X2.ext:
Completed 100%
Extracting CLKBUF1 into CLKBUF1.ext:
Completed 100%
Extracting INVX8 into INVX8.ext:
Completed 100%
Extracting BUFX4 into BUFX4.ext:
Completed 100%
Extracting OAI22X1 into OAI22X1.ext:
Completed 100%
Extracting AOI21X1 into AOI21X1.ext:
Completed 100%
Extracting XNOR2X1 into XNOR2X1.ext:
Completed 100%
Extracting NOR3X1 into NOR3X1.ext:
Completed 100%
Extracting INVX2 into INVX2.ext:
Completed 100%
Extracting XOR2X1 into XOR2X1.ext:
Completed 100%
Extracting OR2X2 into OR2X2.ext:
Completed 100%
Extracting AOI22X1 into AOI22X1.ext:
Completed 100%
Extracting DFFSR into DFFSR.ext:
Completed 50%
Completed 75%
Completed 100%
Extracting FILL into FILL.ext:
Completed 100%
Extracting NAND2X1 into NAND2X1.ext:
Completed 100%
Extracting BUFX2 into BUFX2.ext:
Completed 100%
Extracting NAND3X1 into NAND3X1.ext:
Completed 100%
Extracting NOR2X1 into NOR2X1.ext:
Completed 100%
Extracting OAI21X1 into OAI21X1.ext:
Completed 100%
Extracting INVX1 into INVX1.ext:
Completed 100%
Extracting atm_fsm into atm_fsm.ext:
Completed 5%
Completed 11%
Completed 16%
Completed 22%
Completed 27%
Completed 33%
Completed 38%
Completed 44%
Completed 49%
Completed 55%
Completed 60%
Completed 65%
Completed 71%
Completed 76%
Completed 82%
Completed 87%
Completed 93%
Completed 98%
Completed 100%
No port connection on port 0;  need to resolve.
No port connection on port 0;  need to resolve.
No port connection on port 0;  need to resolve.
No port connection on port 0;  need to resolve.
No port connection on port 0;  need to resolve.
No port connection on port 0;  need to resolve.
No port connection on port 0;  need to resolve.
No port connection on port 0;  need to resolve.
No port connection on port 0;  need to resolve.
No port connection on port 0;  need to resolve.
No port connection on port 0;  need to resolve.
No port connection on port 0;  need to resolve.
No port connection on port 0;  need to resolve.
No port connection on port 0;  need to resolve.
No port connection on port 0;  need to resolve.
No port connection on port 0;  need to resolve.
No port connection on port 0;  need to resolve.
No port connection on port 0;  need to resolve.
No port connection on port 0;  need to resolve.
No port connection on port 0;  need to resolve.
No port connection on port 0;  need to resolve.
No port connection on port 0;  need to resolve.
No port connection on port 0;  need to resolve.
No port connection on port 0;  need to resolve.
No port connection on port 0;  need to resolve.
No port connection on port 0;  need to resolve.
No port connection on port 0;  need to resolve.
No port connection on port 0;  need to resolve.
No port connection on port 0;  need to resolve.
No port connection on port 0;  need to resolve.
No port connection on port 0;  need to resolve.
No port connection on port 0;  need to resolve.
No port connection on port 0;  need to resolve.
No port connection on port 0;  need to resolve.
No port connection on port 0;  need to resolve.
No port connection on port 0;  need to resolve.
No port connection on port 0;  need to resolve.
No port connection on port 0;  need to resolve.
No port connection on port 0;  need to resolve.
No port connection on port 0;  need to resolve.
No port connection on port 0;  need to resolve.
No port connection on port 0;  need to resolve.
No port connection on port 0;  need to resolve.
No port connection on port 0;  need to resolve.
No port connection on port 0;  need to resolve.
No port connection on port 0;  need to resolve.
No port connection on port 0;  need to resolve.
No port connection on port 0;  need to resolve.
No port connection on port 0;  need to resolve.
No port connection on port 0;  need to resolve.
No port connection on port 0;  need to resolve.
No port connection on port 0;  need to resolve.
No port connection on port 0;  need to resolve.
No port connection on port 0;  need to resolve.
No port connection on port 0;  need to resolve.
No port connection on port 0;  need to resolve.
No port connection on port 0;  need to resolve.
No port connection on port 0;  need to resolve.
No port connection on port 0;  need to resolve.
No port connection on port 0;  need to resolve.
No port connection on port 0;  need to resolve.
No port connection on port 0;  need to resolve.
No port connection on port 0;  need to resolve.
No port connection on port 0;  need to resolve.
No port connection on port 0;  need to resolve.
No port connection on port 0;  need to resolve.
No port connection on port 0;  need to resolve.
No port connection on port 0;  need to resolve.
No port connection on port 0;  need to resolve.
No port connection on port 0;  need to resolve.
No port connection on port 0;  need to resolve.
No port connection on port 0;  need to resolve.
No port connection on port 0;  need to resolve.
No port connection on port 0;  need to resolve.
No port connection on port 0;  need to resolve.
No port connection on port 0;  need to resolve.
No port connection on port 0;  need to resolve.
No port connection on port 0;  need to resolve.
No port connection on port 0;  need to resolve.
No port connection on port 0;  need to resolve.
No port connection on port 0;  need to resolve.
No port connection on port 0;  need to resolve.
No port connection on port 0;  need to resolve.
No port connection on port 0;  need to resolve.
No port connection on port 0;  need to resolve.
No port connection on port 0;  need to resolve.
No port connection on port 0;  need to resolve.
No port connection on port 0;  need to resolve.
No port connection on port 0;  need to resolve.
No port connection on port 0;  need to resolve.
No port connection on port 0;  need to resolve.
No port connection on port 0;  need to resolve.
No port connection on port 0;  need to resolve.
No port connection on port 0;  need to resolve.
No port connection on port 0;  need to resolve.
No port connection on port 0;  need to resolve.
No port connection on port 0;  need to resolve.
No port connection on port 0;  need to resolve.
No port connection on port 0;  need to resolve.
No port connection on port 0;  need to resolve.
No port connection on port 0;  need to resolve.
No port connection on port 0;  need to resolve.
No port connection on port 0;  need to resolve.
No port connection on port 0;  need to resolve.
No port connection on port 0;  need to resolve.
No port connection on port 0;  need to resolve.
No port connection on port 0;  need to resolve.
No port connection on port 0;  need to resolve.
No port connection on port 0;  need to resolve.
No port connection on port 0;  need to resolve.
No port connection on port 0;  need to resolve.
No port connection on port 0;  need to resolve.
No port connection on port 0;  need to resolve.
No port connection on port 0;  need to resolve.
No port connection on port 0;  need to resolve.
No port connection on port 0;  need to resolve.
No port connection on port 0;  need to resolve.
No port connection on port 0;  need to resolve.
No port connection on port 0;  need to resolve.
No port connection on port 0;  need to resolve.
No port connection on port 0;  need to resolve.
No port connection on port 0;  need to resolve.
No port connection on port 0;  need to resolve.
No port connection on port 0;  need to resolve.
No port connection on port 0;  need to resolve.
No port connection on port 0;  need to resolve.
No port connection on port 0;  need to resolve.
No port connection on port 0;  need to resolve.
No port connection on port 0;  need to resolve.
No port connection on port 0;  need to resolve.
No port connection on port 0;  need to resolve.
No port connection on port 0;  need to resolve.
No port connection on port 0;  need to resolve.
No port connection on port 0;  need to resolve.
No port connection on port 0;  need to resolve.
No port connection on port 0;  need to resolve.
No port connection on port 0;  need to resolve.
No port connection on port 0;  need to resolve.
No port connection on port 0;  need to resolve.
No port connection on port 0;  need to resolve.
No port connection on port 0;  need to resolve.
No port connection on port 0;  need to resolve.
No port connection on port 0;  need to resolve.
No port connection on port 0;  need to resolve.
No port connection on port 0;  need to resolve.
No port connection on port 0;  need to resolve.
No port connection on port 0;  need to resolve.
No port connection on port 0;  need to resolve.
No port connection on port 0;  need to resolve.
No port connection on port 0;  need to resolve.
No port connection on port 0;  need to resolve.
No port connection on port 0;  need to resolve.
No port connection on port 0;  need to resolve.
No port connection on port 0;  need to resolve.
No port connection on port 0;  need to resolve.
No port connection on port 0;  need to resolve.
No port connection on port 0;  need to resolve.
No port connection on port 0;  need to resolve.
No port connection on port 0;  need to resolve.
No port connection on port 0;  need to resolve.
No port connection on port 0;  need to resolve.
No port connection on port 0;  need to resolve.
No port connection on port 0;  need to resolve.
No port connection on port 0;  need to resolve.
No port connection on port 0;  need to resolve.
No port connection on port 0;  need to resolve.
No port connection on port 0;  need to resolve.
No port connection on port 0;  need to resolve.
No port connection on port 0;  need to resolve.
No port connection on port 0;  need to resolve.
No port connection on port 0;  need to resolve.
No port connection on port 0;  need to resolve.
No port connection on port 0;  need to resolve.
No port connection on port 0;  need to resolve.
No port connection on port 0;  need to resolve.
No port connection on port 0;  need to resolve.
No port connection on port 0;  need to resolve.
No port connection on port 0;  need to resolve.
No port connection on port 0;  need to resolve.
No port connection on port 0;  need to resolve.
No port connection on port 0;  need to resolve.
No port connection on port 0;  need to resolve.
No port connection on port 0;  need to resolve.
No port connection on port 0;  need to resolve.
No port connection on port 0;  need to resolve.
No port connection on port 0;  need to resolve.
No port connection on port 0;  need to resolve.
No port connection on port 0;  need to resolve.
No port connection on port 0;  need to resolve.
No port connection on port 0;  need to resolve.
No port connection on port 0;  need to resolve.
No port connection on port 0;  need to resolve.
No port connection on port 0;  need to resolve.
No port connection on port 0;  need to resolve.
No port connection on port 0;  need to resolve.
No port connection on port 0;  need to resolve.
No port connection on port 0;  need to resolve.
No port connection on port 0;  need to resolve.
No port connection on port 0;  need to resolve.
No port connection on port 0;  need to resolve.
No port connection on port 0;  need to resolve.
No port connection on port 0;  need to resolve.
No port connection on port 0;  need to resolve.
No port connection on port 0;  need to resolve.
No port connection on port 0;  need to resolve.
No port connection on port 0;  need to resolve.
No port connection on port 0;  need to resolve.
No port connection on port 0;  need to resolve.
No port connection on port 0;  need to resolve.
No port connection on port 0;  need to resolve.
No port connection on port 0;  need to resolve.
No port connection on port 0;  need to resolve.
No port connection on port 0;  need to resolve.
No port connection on port 0;  need to resolve.
No port connection on port 0;  need to resolve.
No port connection on port 0;  need to resolve.
No port connection on port 0;  need to resolve.
No port connection on port 0;  need to resolve.
No port connection on port 0;  need to resolve.
No port connection on port 0;  need to resolve.
No port connection on port 0;  need to resolve.
No port connection on port 0;  need to resolve.
No port connection on port 0;  need to resolve.
No port connection on port 0;  need to resolve.
No port connection on port 0;  need to resolve.
No port connection on port 0;  need to resolve.
No port connection on port 0;  need to resolve.
No port connection on port 0;  need to resolve.
No port connection on port 0;  need to resolve.
No port connection on port 0;  need to resolve.
No port connection on port 0;  need to resolve.
No port connection on port 0;  need to resolve.
No port connection on port 0;  need to resolve.
No port connection on port 0;  need to resolve.
No port connection on port 0;  need to resolve.
No port connection on port 0;  need to resolve.
No port connection on port 0;  need to resolve.
No port connection on port 0;  need to resolve.
No port connection on port 0;  need to resolve.
No port connection on port 0;  need to resolve.
No port connection on port 0;  need to resolve.
No port connection on port 0;  need to resolve.
No port connection on port 0;  need to resolve.
No port connection on port 0;  need to resolve.
No port connection on port 0;  need to resolve.
No port connection on port 0;  need to resolve.
No port connection on port 0;  need to resolve.
No port connection on port 0;  need to resolve.
No port connection on port 0;  need to resolve.
No port connection on port 0;  need to resolve.
No port connection on port 0;  need to resolve.
No port connection on port 0;  need to resolve.
No port connection on port 0;  need to resolve.
No port connection on port 0;  need to resolve.
No port connection on port 0;  need to resolve.
No port connection on port 0;  need to resolve.
No port connection on port 0;  need to resolve.
No port connection on port 0;  need to resolve.
No port connection on port 0;  need to resolve.
No port connection on port 0;  need to resolve.
No port connection on port 0;  need to resolve.
No port connection on port 0;  need to resolve.
No port connection on port 0;  need to resolve.
No port connection on port 0;  need to resolve.
No port connection on port 0;  need to resolve.
No port connection on port 0;  need to resolve.
No port connection on port 0;  need to resolve.
No port connection on port 0;  need to resolve.
No port connection on port 0;  need to resolve.
No port connection on port 0;  need to resolve.
No port connection on port 0;  need to resolve.
No port connection on port 0;  need to resolve.
No port connection on port 0;  need to resolve.
No port connection on port 0;  need to resolve.
No port connection on port 0;  need to resolve.
No port connection on port 0;  need to resolve.
No port connection on port 0;  need to resolve.
No port connection on port 0;  need to resolve.
No port connection on port 0;  need to resolve.
No port connection on port 0;  need to resolve.
No port connection on port 0;  need to resolve.
No port connection on port 0;  need to resolve.
No port connection on port 0;  need to resolve.
No port connection on port 0;  need to resolve.
No port connection on port 0;  need to resolve.
No port connection on port 0;  need to resolve.
No port connection on port 0;  need to resolve.
No port connection on port 0;  need to resolve.
No port connection on port 0;  need to resolve.
No port connection on port 0;  need to resolve.
No port connection on port 0;  need to resolve.
No port connection on port 0;  need to resolve.
No port connection on port 0;  need to resolve.
No port connection on port 0;  need to resolve.
No port connection on port 0;  need to resolve.
No port connection on port 0;  need to resolve.
No port connection on port 0;  need to resolve.
No port connection on port 0;  need to resolve.
No port connection on port 0;  need to resolve.
No port connection on port 0;  need to resolve.
No port connection on port 0;  need to resolve.
No port connection on port 0;  need to resolve.
No port connection on port 0;  need to resolve.
No port connection on port 0;  need to resolve.
No port connection on port 0;  need to resolve.
No port connection on port 0;  need to resolve.
No port connection on port 0;  need to resolve.
No port connection on port 0;  need to resolve.
No port connection on port 0;  need to resolve.
No port connection on port 0;  need to resolve.
No port connection on port 0;  need to resolve.
No port connection on port 0;  need to resolve.
No port connection on port 0;  need to resolve.
No port connection on port 0;  need to resolve.
No port connection on port 0;  need to resolve.
No port connection on port 0;  need to resolve.
No port connection on port 0;  need to resolve.
No port connection on port 0;  need to resolve.
No port connection on port 0;  need to resolve.
No port connection on port 0;  need to resolve.
No port connection on port 0;  need to resolve.
No port connection on port 0;  need to resolve.
No port connection on port 0;  need to resolve.
No port connection on port 0;  need to resolve.
No port connection on port 0;  need to resolve.
No port connection on port 0;  need to resolve.
No port connection on port 0;  need to resolve.
No port connection on port 0;  need to resolve.
No port connection on port 0;  need to resolve.
No port connection on port 0;  need to resolve.
No port connection on port 0;  need to resolve.
No port connection on port 0;  need to resolve.
No port connection on port 0;  need to resolve.
No port connection on port 0;  need to resolve.
No port connection on port 0;  need to resolve.
No port connection on port 0;  need to resolve.
No port connection on port 0;  need to resolve.
No port connection on port 0;  need to resolve.
No port connection on port 0;  need to resolve.
No port connection on port 0;  need to resolve.
No port connection on port 0;  need to resolve.
No port connection on port 0;  need to resolve.
No port connection on port 0;  need to resolve.
No port connection on port 0;  need to resolve.
No port connection on port 0;  need to resolve.
No port connection on port 0;  need to resolve.
No port connection on port 0;  need to resolve.
No port connection on port 0;  need to resolve.
No port connection on port 0;  need to resolve.
No port connection on port 0;  need to resolve.
No port connection on port 0;  need to resolve.
No port connection on port 0;  need to resolve.
No port connection on port 0;  need to resolve.
No port connection on port 0;  need to resolve.
No port connection on port 0;  need to resolve.
No port connection on port 0;  need to resolve.
No port connection on port 0;  need to resolve.
No port connection on port 0;  need to resolve.
exttospice finished.
Migration script ended on Wed 16 Apr 2025 02:38:25 AM PDT
