Qflow route logfile created on Wed 16 Apr 2025 02:38:00 AM PDT
qrouter -noc  -s atm_fsm.cfg
Qrouter detail maze router version 1.4.59.T
Reading LEF data from file /usr/local/share/qflow/tech/osu035/osu035_stdcells.lef.
LEF Read, Line 135: NOTE:  Old format VIARULE ignored.
LEF Read, Line 136: NOTE:  Old format VIARULE ignored.
LEF Read, Line 140: NOTE:  Old format VIARULE ignored.
LEF Read, Line 141: NOTE:  Old format VIARULE ignored.
LEF Read, Line 151: NOTE:  Old format VIARULE ignored.
LEF Read, Line 152: NOTE:  Old format VIARULE ignored.
LEF Read, Line 156: NOTE:  Old format VIARULE ignored.
LEF Read, Line 157: NOTE:  Old format VIARULE ignored.
LEF Read, Line 167: NOTE:  Old format VIARULE ignored.
LEF Read, Line 168: NOTE:  Old format VIARULE ignored.
LEF Read, Line 172: NOTE:  Old format VIARULE ignored.
LEF Read, Line 173: NOTE:  Old format VIARULE ignored.
LEF file:  Defines site corner (ignored)
LEF file:  Defines site IO (ignored)
LEF file:  Defines site core (ignored)
LEF read: Processed 3179 lines.
LEF Read: encountered 0 errors and 12 warnings total.
Vertical route layer at non-minimum pitch 3.2.  Using smaller pitch 1.6, will route on 1-of-2 tracks for layer metal4.
Reading DEF data from file atm_fsm.def.
Diagnostic: Design name: "atm_fsm"
  Processed 3 vias total.
  Processed 358 subcell instances total.
  Processed 33 pins total.
  Processed 313 nets total (0 fixed).
  Processed 2 special nets total (3 fixed).
DEF read: Processed 1886 lines.
Output scale = microns / 100, precision 1
No antenna cell defined!
There are 314 nets in this design.
*** Running stage1 routing with defaults
Finished routing net vdd
Nets remaining: 313
Finished routing net _177_
Nets remaining: 312
Finished routing net _37_
Nets remaining: 311
Finished routing net clk_bF$buf5
Nets remaining: 310
Finished routing net clk_bF$buf4
Nets remaining: 309
Finished routing net clk_bF$buf3
Nets remaining: 308
Finished routing net _5__bF$buf5
Nets remaining: 307
Finished routing net _5__bF$buf4
Nets remaining: 306
Finished routing net _5__bF$buf3
Nets remaining: 305
Finished routing net _171_
Nets remaining: 304
Finished routing net freeze_timer[10]
Nets remaining: 303
Finished routing net clk
Nets remaining: 302
Finished routing net clk_bF$buf2
Nets remaining: 301
Finished routing net clk_bF$buf1
Nets remaining: 300
Finished routing net clk_bF$buf0
Nets remaining: 299
Finished routing net _181__bF$buf3
Nets remaining: 298
Finished routing net _181__bF$buf2
Nets remaining: 297
Finished routing net _169__bF$buf3
Nets remaining: 296
Finished routing net _169__bF$buf2
Nets remaining: 295
Finished routing net _169__bF$buf1
Nets remaining: 294
Finished routing net _169__bF$buf0
Nets remaining: 293
Finished routing net _5_
Nets remaining: 292
Finished routing net _5__bF$buf2
Nets remaining: 291
Finished routing net _5__bF$buf1
Nets remaining: 290
Finished routing net _5__bF$buf0
Nets remaining: 289
Finished routing net _182_[2]
Nets remaining: 288
Finished routing net freeze_timer[13]
Nets remaining: 287
Finished routing net _79_
Nets remaining: 286
Finished routing net _179__bF$buf3
Nets remaining: 285
Finished routing net _179__bF$buf2
Nets remaining: 284
Finished routing net _173__bF$buf3
Nets remaining: 283
Finished routing net _173__bF$buf2
Nets remaining: 282
Finished routing net _173__bF$buf1
Nets remaining: 281
Finished routing net _181__bF$buf1
Nets remaining: 280
Finished routing net _181__bF$buf0
Nets remaining: 279
Finished routing net _182_[1]
Nets remaining: 278
Finished routing net freeze_timer[0]
Nets remaining: 277
Finished routing net freeze_timer[11]
Nets remaining: 276
Finished routing net freeze_timer[14]
Nets remaining: 275
Finished routing net _75_
Nets remaining: 274
Finished routing net _82_
Nets remaining: 273
Finished routing net _179_
Nets remaining: 272
Finished routing net _179__bF$buf1
Nets remaining: 271
Finished routing net _179__bF$buf0
Nets remaining: 270
Finished routing net _173_
Nets remaining: 269
Finished routing net _173__bF$buf0
Nets remaining: 268
Finished routing net _181_
Nets remaining: 267
Finished routing net _169_
Nets remaining: 266
Finished routing net correct_pin
Nets remaining: 265
Finished routing net freeze_timer[12]
Nets remaining: 264
Finished routing net _15_
Nets remaining: 263
Finished routing net freeze_timer[1]
Nets remaining: 262
Finished routing net freeze_timer[5]
Nets remaining: 261
Finished routing net _62_
Nets remaining: 260
Finished routing net _68_
Nets remaining: 259
Finished routing net _89_
Nets remaining: 258
Finished routing net _117_
Nets remaining: 257
Finished routing net _120_
Nets remaining: 256
Finished routing net _127_
Nets remaining: 255
Finished routing net exit
Nets remaining: 254
Finished routing net _170_
Nets remaining: 253
Finished routing net _182_[0]
Nets remaining: 252
Finished routing net _175_
Nets remaining: 251
Finished routing net _176_
Nets remaining: 250
Finished routing net _9_
Nets remaining: 249
Finished routing net _13_
Nets remaining: 248
Finished routing net freeze_timer[15]
Nets remaining: 247
Finished routing net _18_
Nets remaining: 246
Finished routing net freeze_timer[16]
Nets remaining: 245
Finished routing net freeze_timer[2]
Nets remaining: 244
Finished routing net _45_
Nets remaining: 243
Finished routing net _46_
Nets remaining: 242
Finished routing net _51_
Nets remaining: 241
Finished routing net _55_
Nets remaining: 240
Finished routing net _132_
Nets remaining: 239
Finished routing net _133_
Nets remaining: 238
Finished routing net _134_
Nets remaining: 237
Finished routing net _136_
Nets remaining: 236
Finished routing net _172_
Nets remaining: 235
Finished routing net _174_
Nets remaining: 234
Finished routing net wrong_pin_counter[1]
Nets remaining: 233
Finished routing net wrong_pin_counter[0]
Nets remaining: 232
Finished routing net freeze_timer[9]
Nets remaining: 231
Finished routing net freeze_timer[7]
Nets remaining: 230
Finished routing net _12_
Nets remaining: 229
Failed to route net freeze_timer[6]
Finished routing net _14_
Nets remaining: 228
Finished routing net freeze_timer[8]
Nets remaining: 227
Finished routing net freeze_timer[27]
Nets remaining: 226
Finished routing net freeze_timer[26]
Nets remaining: 225
Finished routing net freeze_timer[25]
Nets remaining: 224
Finished routing net freeze_timer[24]
Nets remaining: 223
Finished routing net freeze_timer[31]
Nets remaining: 222
Finished routing net freeze_timer[30]
Nets remaining: 221
Finished routing net freeze_timer[29]
Nets remaining: 220
Finished routing net freeze_timer[28]
Nets remaining: 219
Finished routing net freeze_timer[23]
Nets remaining: 218
Finished routing net freeze_timer[22]
Nets remaining: 217
Finished routing net freeze_timer[21]
Nets remaining: 216
Finished routing net freeze_timer[20]
Nets remaining: 215
Finished routing net freeze_timer[19]
Nets remaining: 214
Finished routing net freeze_timer[18]
Nets remaining: 213
Finished routing net freeze_timer[17]
Nets remaining: 212
Finished routing net _40_
Nets remaining: 211
Finished routing net freeze_timer[3]
Nets remaining: 210
Finished routing net freeze_timer[4]
Nets remaining: 209
Finished routing net _49_
Nets remaining: 208
Finished routing net _52_
Nets remaining: 207
Finished routing net _69_
Nets remaining: 206
Finished routing net _86_
Nets remaining: 205
Finished routing net _93_
Nets remaining: 204
Finished routing net _121_
Nets remaining: 203
Finished routing net _180_
Nets remaining: 202
Finished routing net _129_
Nets remaining: 201
Finished routing net _135_
Nets remaining: 200
Finished routing net _137_
Nets remaining: 199
Finished routing net _139_
Nets remaining: 198
Finished routing net _140_
Nets remaining: 197
Finished routing net amount_entered
Nets remaining: 196
Finished routing net _144_
Nets remaining: 195
Finished routing net cash_eject
Nets remaining: 194
Finished routing net _150_
Nets remaining: 193
Finished routing net withdraw
Nets remaining: 192
Finished routing net _154_
Nets remaining: 191
Finished routing net _156_
Nets remaining: 190
Finished routing net _159_
Nets remaining: 189
Finished routing net _178_
Nets remaining: 188
Finished routing net _6_
Nets remaining: 187
Finished routing net _7_
Nets remaining: 186
Finished routing net _8_
Nets remaining: 185
Finished routing net _10_
Nets remaining: 184
Finished routing net _11_
Nets remaining: 183
Finished routing net _16_
Nets remaining: 182
Finished routing net _17_
Nets remaining: 181
Finished routing net _19_
Nets remaining: 180
Finished routing net _20_
Nets remaining: 179
Finished routing net _21_
Nets remaining: 178
Finished routing net _22_
Nets remaining: 177
Finished routing net _23_
Nets remaining: 176
Finished routing net _24_
Nets remaining: 175
Finished routing net _25_
Nets remaining: 174
Finished routing net _26_
Nets remaining: 173
Finished routing net _27_
Nets remaining: 172
Finished routing net _28_
Nets remaining: 171
Finished routing net _29_
Nets remaining: 170
Finished routing net _30_
Nets remaining: 169
Finished routing net _31_
Nets remaining: 168
Finished routing net _32_
Nets remaining: 167
Finished routing net _33_
Nets remaining: 166
Finished routing net _34_
Nets remaining: 165
Finished routing net _35_
Nets remaining: 164
Finished routing net _36_
Nets remaining: 163
Finished routing net _2_[0]
Nets remaining: 162
Finished routing net _38_
Nets remaining: 161
Finished routing net _39_
Nets remaining: 160
Finished routing net _41_
Nets remaining: 159
Finished routing net _2_[1]
Nets remaining: 158
Finished routing net _42_
Nets remaining: 157
Finished routing net _43_
Nets remaining: 156
Finished routing net _2_[2]
Nets remaining: 155
Finished routing net _44_
Nets remaining: 154
Finished routing net _47_
Nets remaining: 153
Finished routing net _2_[3]
Nets remaining: 152
Finished routing net _48_
Nets remaining: 151
Finished routing net _50_
Nets remaining: 150
Finished routing net _53_
Nets remaining: 149
Finished routing net _2_[4]
Nets remaining: 148
Finished routing net _54_
Nets remaining: 147
Finished routing net _56_
Nets remaining: 146
Finished routing net _57_
Nets remaining: 145
Finished routing net _58_
Nets remaining: 144
Finished routing net _2_[5]
Nets remaining: 143
Finished routing net _59_
Nets remaining: 142
Finished routing net _60_
Nets remaining: 141
Finished routing net _2_[6]
Nets remaining: 140
Finished routing net _61_
Nets remaining: 139
Finished routing net _63_
Nets remaining: 138
Finished routing net _64_
Nets remaining: 137
Finished routing net _2_[7]
Nets remaining: 136
Finished routing net _65_
Nets remaining: 135
Finished routing net _66_
Nets remaining: 134
Finished routing net _2_[8]
Nets remaining: 133
Finished routing net _67_
Nets remaining: 132
Finished routing net _70_
Nets remaining: 131
Failed to route net _71_
Finished routing net _2_[9]
Nets remaining: 130
Finished routing net _72_
Nets remaining: 129
Finished routing net _73_
Nets remaining: 128
Finished routing net _74_
Nets remaining: 127
Finished routing net _76_
Nets remaining: 126
Finished routing net _2_[10]
Nets remaining: 125
Finished routing net _77_
Nets remaining: 124
Finished routing net _78_
Nets remaining: 123
Finished routing net _80_
Nets remaining: 122
Finished routing net _2_[11]
Nets remaining: 121
Finished routing net _81_
Nets remaining: 120
Finished routing net _83_
Nets remaining: 119
Finished routing net _84_
Nets remaining: 118
Finished routing net _2_[12]
Nets remaining: 117
Finished routing net _85_
Nets remaining: 116
Finished routing net _87_
Nets remaining: 115
Finished routing net _88_
Nets remaining: 114
Finished routing net _90_
Nets remaining: 113
Finished routing net _2_[13]
Nets remaining: 112
Finished routing net _91_
Nets remaining: 111
Finished routing net _92_
Nets remaining: 110
Finished routing net _94_
Nets remaining: 109
Finished routing net _95_
Nets remaining: 108
Finished routing net _2_[14]
Nets remaining: 107
Finished routing net _96_
Nets remaining: 106
Finished routing net _97_
Nets remaining: 105
Finished routing net _98_
Nets remaining: 104
Finished routing net _99_
Nets remaining: 103
Finished routing net _2_[15]
Nets remaining: 102
Finished routing net _100_
Nets remaining: 101
Finished routing net _101_
Nets remaining: 100
Finished routing net _2_[16]
Nets remaining: 99
Finished routing net _102_
Nets remaining: 98
Finished routing net _2_[17]
Nets remaining: 97
Finished routing net _103_
Nets remaining: 96
Finished routing net _2_[18]
Nets remaining: 95
Finished routing net _104_
Nets remaining: 94
Finished routing net _2_[19]
Nets remaining: 93
Finished routing net _105_
Nets remaining: 92
Finished routing net _2_[20]
Nets remaining: 91
Finished routing net _106_
Nets remaining: 90
Finished routing net _2_[21]
Nets remaining: 89
Finished routing net _107_
Nets remaining: 88
Finished routing net _2_[22]
Nets remaining: 87
Finished routing net _108_
Nets remaining: 86
Finished routing net _2_[23]
Nets remaining: 85
Finished routing net _109_
Nets remaining: 84
Finished routing net _2_[24]
Nets remaining: 83
Finished routing net _110_
Nets remaining: 82
Finished routing net _2_[25]
Nets remaining: 81
Finished routing net _111_
Nets remaining: 80
Finished routing net _2_[26]
Nets remaining: 79
Finished routing net _112_
Nets remaining: 78
Finished routing net _2_[27]
Nets remaining: 77
Finished routing net _113_
Nets remaining: 76
Finished routing net _2_[28]
Nets remaining: 75
Finished routing net _114_
Nets remaining: 74
Finished routing net _2_[29]
Nets remaining: 73
Finished routing net _115_
Nets remaining: 72
Finished routing net _2_[30]
Nets remaining: 71
Finished routing net _116_
Nets remaining: 70
Finished routing net _2_[31]
Nets remaining: 69
Finished routing net _118_
Nets remaining: 68
Finished routing net _119_
Nets remaining: 67
Finished routing net _4_[0]
Nets remaining: 66
Finished routing net _122_
Nets remaining: 65
Finished routing net _123_
Nets remaining: 64
Finished routing net _124_
Nets remaining: 63
Finished routing net _125_
Nets remaining: 62
Finished routing net _4_[1]
Nets remaining: 61
Finished routing net _1_
Nets remaining: 60
Finished routing net _126_
Nets remaining: 59
Finished routing net _128_
Nets remaining: 58
Finished routing net _130_
Nets remaining: 57
Finished routing net _0_
Nets remaining: 56
Finished routing net _131_
Nets remaining: 55
Finished routing net balance_check
Nets remaining: 54
Finished routing net print_balance
Nets remaining: 53
Finished routing net _138_
Nets remaining: 52
Finished routing net _141_
Nets remaining: 51
Finished routing net _142_
Nets remaining: 50
Finished routing net insert_card
Nets remaining: 49
Finished routing net _143_
Nets remaining: 48
Finished routing net _145_
Nets remaining: 47
Finished routing net _146_
Nets remaining: 46
Finished routing net _147_
Nets remaining: 45
Finished routing net _148_
Nets remaining: 44
Finished routing net _3_[0]
Nets remaining: 43
Finished routing net _149_
Nets remaining: 42
Finished routing net _151_
Nets remaining: 41
Finished routing net _152_
Nets remaining: 40
Finished routing net _153_
Nets remaining: 39
Finished routing net _155_
Nets remaining: 38
Finished routing net _157_
Nets remaining: 37
Finished routing net _158_
Nets remaining: 36
Finished routing net _3_[1]
Nets remaining: 35
Finished routing net _160_
Nets remaining: 34
Finished routing net _161_
Nets remaining: 33
Finished routing net _162_
Nets remaining: 32
Finished routing net _163_
Nets remaining: 31
Finished routing net _164_
Nets remaining: 30
Finished routing net _165_
Nets remaining: 29
Finished routing net _166_
Nets remaining: 28
Finished routing net _167_
Nets remaining: 27
Finished routing net _168_
Nets remaining: 26
Finished routing net _3_[2]
Nets remaining: 25
Finished routing net reset
Nets remaining: 24
Finished routing net auth_success
Nets remaining: 23
Finished routing net freeze
Nets remaining: 22
Finished routing net state[0]
Nets remaining: 21
Finished routing net state[1]
Nets remaining: 20
Finished routing net state[2]
Nets remaining: 19

----------------------------------------------
Progress: Stage 1 total routes completed: 689
Failed net routes: 2
----------------------------------------------
*** Running stage2 routing with options mask 10, effort 10
Nets remaining: 2
Best route of _71_ collides with net: _6_ 
Ripping up blocking net _6_
Nets remaining: 2
Best route of freeze_timer[6] collides with net: _169__bF$buf2 
Ripping up blocking net _169__bF$buf2
Nets remaining: 2
Nets remaining: 1

----------------------------------------------
Progress: Stage 2 total routes completed: 698
No failed routes!
----------------------------------------------
*** Running stage3 routing with defaults, 1st round
Keeping route for net vdd
Finished routing net _177_
Nets remaining: 312
Finished routing net _37_
Nets remaining: 311
Finished routing net clk_bF$buf5
Nets remaining: 310
Finished routing net clk_bF$buf4
Nets remaining: 309
Finished routing net clk_bF$buf3
Nets remaining: 308
Finished routing net _5__bF$buf5
Nets remaining: 307
Finished routing net _5__bF$buf4
Nets remaining: 306
Finished routing net _5__bF$buf3
Nets remaining: 305
Finished routing net _171_
Nets remaining: 304
Finished routing net freeze_timer[10]
Nets remaining: 303
Finished routing net clk
Nets remaining: 302
Finished routing net clk_bF$buf2
Nets remaining: 301
Finished routing net clk_bF$buf1
Nets remaining: 300
Finished routing net clk_bF$buf0
Nets remaining: 299
Finished routing net _181__bF$buf3
Nets remaining: 298
Finished routing net _181__bF$buf2
Nets remaining: 297
Finished routing net _169__bF$buf3
Nets remaining: 296
Finished routing net _169__bF$buf2
Nets remaining: 295
Finished routing net _169__bF$buf1
Nets remaining: 294
Finished routing net _169__bF$buf0
Nets remaining: 293
Finished routing net _5_
Nets remaining: 292
Finished routing net _5__bF$buf2
Nets remaining: 291
Finished routing net _5__bF$buf1
Nets remaining: 290
Finished routing net _5__bF$buf0
Nets remaining: 289
Finished routing net _182_[2]
Nets remaining: 288
Finished routing net freeze_timer[13]
Nets remaining: 287
Finished routing net _79_
Nets remaining: 286
Finished routing net _179__bF$buf3
Nets remaining: 285
Finished routing net _179__bF$buf2
Nets remaining: 284
Finished routing net _173__bF$buf3
Nets remaining: 283
Finished routing net _173__bF$buf2
Nets remaining: 282
Finished routing net _173__bF$buf1
Nets remaining: 281
Finished routing net _181__bF$buf1
Nets remaining: 280
Finished routing net _181__bF$buf0
Nets remaining: 279
Finished routing net _182_[1]
Nets remaining: 278
Finished routing net freeze_timer[0]
Nets remaining: 277
Finished routing net freeze_timer[11]
Nets remaining: 276
Finished routing net freeze_timer[14]
Nets remaining: 275
Finished routing net _75_
Nets remaining: 274
Finished routing net _82_
Nets remaining: 273
Finished routing net _179_
Nets remaining: 272
Finished routing net _179__bF$buf1
Nets remaining: 271
Finished routing net _179__bF$buf0
Nets remaining: 270
Finished routing net _173_
Nets remaining: 269
Finished routing net _173__bF$buf0
Nets remaining: 268
Finished routing net _181_
Nets remaining: 267
Finished routing net _169_
Nets remaining: 266
Finished routing net correct_pin
Nets remaining: 265
Finished routing net freeze_timer[12]
Nets remaining: 264
Finished routing net _15_
Nets remaining: 263
Finished routing net freeze_timer[1]
Nets remaining: 262
Finished routing net freeze_timer[5]
Nets remaining: 261
Finished routing net _62_
Nets remaining: 260
Finished routing net _68_
Nets remaining: 259
Finished routing net _89_
Nets remaining: 258
Finished routing net _117_
Nets remaining: 257
Finished routing net _120_
Nets remaining: 256
Finished routing net _127_
Nets remaining: 255
Finished routing net exit
Nets remaining: 254
Finished routing net _170_
Nets remaining: 253
Finished routing net _182_[0]
Nets remaining: 252
Finished routing net _175_
Nets remaining: 251
Finished routing net _176_
Nets remaining: 250
Finished routing net _9_
Nets remaining: 249
Finished routing net _13_
Nets remaining: 248
Finished routing net freeze_timer[15]
Nets remaining: 247
Finished routing net _18_
Nets remaining: 246
Finished routing net freeze_timer[16]
Nets remaining: 245
Finished routing net freeze_timer[2]
Nets remaining: 244
Finished routing net _45_
Nets remaining: 243
Finished routing net _46_
Nets remaining: 242
Finished routing net _51_
Nets remaining: 241
Finished routing net _55_
Nets remaining: 240
Finished routing net _132_
Nets remaining: 239
Finished routing net _133_
Nets remaining: 238
Finished routing net _134_
Nets remaining: 237
Finished routing net _136_
Nets remaining: 236
Finished routing net _172_
Nets remaining: 235
Keeping route for net _174_
Finished routing net wrong_pin_counter[1]
Nets remaining: 233
Finished routing net wrong_pin_counter[0]
Nets remaining: 232
Finished routing net freeze_timer[9]
Nets remaining: 231
Finished routing net freeze_timer[7]
Nets remaining: 230
Finished routing net _12_
Nets remaining: 229
Finished routing net freeze_timer[6]
Nets remaining: 228
Finished routing net _14_
Nets remaining: 227
Finished routing net freeze_timer[8]
Nets remaining: 226
Finished routing net freeze_timer[27]
Nets remaining: 225
Finished routing net freeze_timer[26]
Nets remaining: 224
Finished routing net freeze_timer[25]
Nets remaining: 223
Finished routing net freeze_timer[24]
Nets remaining: 222
Finished routing net freeze_timer[31]
Nets remaining: 221
Finished routing net freeze_timer[30]
Nets remaining: 220
Finished routing net freeze_timer[29]
Nets remaining: 219
Finished routing net freeze_timer[28]
Nets remaining: 218
Finished routing net freeze_timer[23]
Nets remaining: 217
Finished routing net freeze_timer[22]
Nets remaining: 216
Finished routing net freeze_timer[21]
Nets remaining: 215
Finished routing net freeze_timer[20]
Nets remaining: 214
Finished routing net freeze_timer[19]
Nets remaining: 213
Finished routing net freeze_timer[18]
Nets remaining: 212
Finished routing net freeze_timer[17]
Nets remaining: 211
Finished routing net _40_
Nets remaining: 210
Finished routing net freeze_timer[3]
Nets remaining: 209
Finished routing net freeze_timer[4]
Nets remaining: 208
Finished routing net _49_
Nets remaining: 207
Finished routing net _52_
Nets remaining: 206
Finished routing net _69_
Nets remaining: 205
Finished routing net _86_
Nets remaining: 204
Finished routing net _93_
Nets remaining: 203
Finished routing net _121_
Nets remaining: 202
Finished routing net _180_
Nets remaining: 201
Finished routing net _129_
Nets remaining: 200
Finished routing net _135_
Nets remaining: 199
Finished routing net _137_
Nets remaining: 198
Finished routing net _139_
Nets remaining: 197
Finished routing net _140_
Nets remaining: 196
Finished routing net amount_entered
Nets remaining: 195
Keeping route for net _144_
Keeping route for net cash_eject
Finished routing net _150_
Nets remaining: 192
Finished routing net withdraw
Nets remaining: 191
Finished routing net _154_
Nets remaining: 190
Finished routing net _156_
Nets remaining: 189
Finished routing net _159_
Nets remaining: 188
Finished routing net _178_
Nets remaining: 187
Finished routing net _6_
Nets remaining: 186
Finished routing net _7_
Nets remaining: 185
Finished routing net _8_
Nets remaining: 184
Keeping route for net _10_
Finished routing net _11_
Nets remaining: 182
Finished routing net _16_
Nets remaining: 181
Finished routing net _17_
Nets remaining: 180
Finished routing net _19_
Nets remaining: 179
Finished routing net _20_
Nets remaining: 178
Finished routing net _21_
Nets remaining: 177
Keeping route for net _22_
Finished routing net _23_
Nets remaining: 175
Finished routing net _24_
Nets remaining: 174
Keeping route for net _25_
Keeping route for net _26_
Finished routing net _27_
Nets remaining: 171
Finished routing net _28_
Nets remaining: 170
Keeping route for net _29_
Finished routing net _30_
Nets remaining: 168
Keeping route for net _31_
Finished routing net _32_
Nets remaining: 166
Finished routing net _33_
Nets remaining: 165
Keeping route for net _34_
Keeping route for net _35_
Finished routing net _36_
Nets remaining: 162
Finished routing net _2_[0]
Nets remaining: 161
Finished routing net _38_
Nets remaining: 160
Finished routing net _39_
Nets remaining: 159
Finished routing net _41_
Nets remaining: 158
Finished routing net _2_[1]
Nets remaining: 157
Finished routing net _42_
Nets remaining: 156
Finished routing net _43_
Nets remaining: 155
Finished routing net _2_[2]
Nets remaining: 154
Finished routing net _44_
Nets remaining: 153
Keeping route for net _47_
Finished routing net _2_[3]
Nets remaining: 151
Finished routing net _48_
Nets remaining: 150
Finished routing net _50_
Nets remaining: 149
Finished routing net _53_
Nets remaining: 148
Finished routing net _2_[4]
Nets remaining: 147
Finished routing net _54_
Nets remaining: 146
Keeping route for net _56_
Finished routing net _57_
Nets remaining: 144
Keeping route for net _58_
Finished routing net _2_[5]
Nets remaining: 142
Keeping route for net _59_
Finished routing net _60_
Nets remaining: 140
Finished routing net _2_[6]
Nets remaining: 139
Finished routing net _61_
Nets remaining: 138
Keeping route for net _63_
Finished routing net _64_
Nets remaining: 136
Finished routing net _2_[7]
Nets remaining: 135
Finished routing net _65_
Nets remaining: 134
Finished routing net _66_
Nets remaining: 133
Finished routing net _2_[8]
Nets remaining: 132
Finished routing net _67_
Nets remaining: 131
Keeping route for net _70_
Finished routing net _71_
Nets remaining: 129
Finished routing net _2_[9]
Nets remaining: 128
Finished routing net _72_
Nets remaining: 127
Finished routing net _73_
Nets remaining: 126
Keeping route for net _74_
Finished routing net _76_
Nets remaining: 124
Finished routing net _2_[10]
Nets remaining: 123
Keeping route for net _77_
Finished routing net _78_
Nets remaining: 121
Keeping route for net _80_
Finished routing net _2_[11]
Nets remaining: 119
Finished routing net _81_
Nets remaining: 118
Keeping route for net _83_
Finished routing net _84_
Nets remaining: 116
Finished routing net _2_[12]
Nets remaining: 115
Finished routing net _85_
Nets remaining: 114
Finished routing net _87_
Nets remaining: 113
Finished routing net _88_
Nets remaining: 112
Finished routing net _90_
Nets remaining: 111
Finished routing net _2_[13]
Nets remaining: 110
Finished routing net _91_
Nets remaining: 109
Finished routing net _92_
Nets remaining: 108
Finished routing net _94_
Nets remaining: 107
Keeping route for net _95_
Finished routing net _2_[14]
Nets remaining: 105
Finished routing net _96_
Nets remaining: 104
Finished routing net _97_
Nets remaining: 103
Finished routing net _98_
Nets remaining: 102
Keeping route for net _99_
Finished routing net _2_[15]
Nets remaining: 100
Finished routing net _100_
Nets remaining: 99
Finished routing net _101_
Nets remaining: 98
Finished routing net _2_[16]
Nets remaining: 97
Finished routing net _102_
Nets remaining: 96
Finished routing net _2_[17]
Nets remaining: 95
Keeping route for net _103_
Finished routing net _2_[18]
Nets remaining: 93
Finished routing net _104_
Nets remaining: 92
Finished routing net _2_[19]
Nets remaining: 91
Keeping route for net _105_
Finished routing net _2_[20]
Nets remaining: 89
Finished routing net _106_
Nets remaining: 88
Finished routing net _2_[21]
Nets remaining: 87
Keeping route for net _107_
Finished routing net _2_[22]
Nets remaining: 85
Keeping route for net _108_
Finished routing net _2_[23]
Nets remaining: 83
Finished routing net _109_
Nets remaining: 82
Finished routing net _2_[24]
Nets remaining: 81
Keeping route for net _110_
Finished routing net _2_[25]
Nets remaining: 79
Keeping route for net _111_
Finished routing net _2_[26]
Nets remaining: 77
Finished routing net _112_
Nets remaining: 76
Finished routing net _2_[27]
Nets remaining: 75
Keeping route for net _113_
Finished routing net _2_[28]
Nets remaining: 73
Finished routing net _114_
Nets remaining: 72
Finished routing net _2_[29]
Nets remaining: 71
Finished routing net _115_
Nets remaining: 70
Finished routing net _2_[30]
Nets remaining: 69
Finished routing net _116_
Nets remaining: 68
Finished routing net _2_[31]
Nets remaining: 67
Finished routing net _118_
Nets remaining: 66
Finished routing net _119_
Nets remaining: 65
Finished routing net _4_[0]
Nets remaining: 64
Keeping route for net _122_
Keeping route for net _123_
Finished routing net _124_
Nets remaining: 61
Keeping route for net _125_
Finished routing net _4_[1]
Nets remaining: 59
Finished routing net _1_
Nets remaining: 58
Keeping route for net _126_
Keeping route for net _128_
Finished routing net _130_
Nets remaining: 55
Finished routing net _0_
Nets remaining: 54
Finished routing net _131_
Nets remaining: 53
Keeping route for net balance_check
Finished routing net print_balance
Nets remaining: 51
Finished routing net _138_
Nets remaining: 50
Finished routing net _141_
Nets remaining: 49
Finished routing net _142_
Nets remaining: 48
Keeping route for net insert_card
Keeping route for net _143_
Finished routing net _145_
Nets remaining: 45
Keeping route for net _146_
Keeping route for net _147_
Finished routing net _148_
Nets remaining: 42
Finished routing net _3_[0]
Nets remaining: 41
Keeping route for net _149_
Finished routing net _151_
Nets remaining: 39
Finished routing net _152_
Nets remaining: 38
Finished routing net _153_
Nets remaining: 37
Finished routing net _155_
Nets remaining: 36
Finished routing net _157_
Nets remaining: 35
Finished routing net _158_
Nets remaining: 34
Finished routing net _3_[1]
Nets remaining: 33
Finished routing net _160_
Nets remaining: 32
Finished routing net _161_
Nets remaining: 31
Finished routing net _162_
Nets remaining: 30
Keeping route for net _163_
Finished routing net _164_
Nets remaining: 28
Finished routing net _165_
Nets remaining: 27
Finished routing net _166_
Nets remaining: 26
Keeping route for net _167_
Keeping route for net _168_
Keeping route for net _3_[2]
Finished routing net reset
Nets remaining: 22
Finished routing net auth_success
Nets remaining: 21
Keeping route for net freeze
Finished routing net state[0]
Nets remaining: 19
Keeping route for net state[1]
Keeping route for net state[2]

----------------------------------------------
Progress: Stage 3 total routes completed: 1299
No failed routes!
----------------------------------------------
*** Running stage3 routing with defaults, 2nd round
Keeping route for net vdd
Finished routing net _177_
Nets remaining: 312
Finished routing net _37_
Nets remaining: 311
Finished routing net clk_bF$buf5
Nets remaining: 310
Finished routing net clk_bF$buf4
Nets remaining: 309
Finished routing net clk_bF$buf3
Nets remaining: 308
Finished routing net _5__bF$buf5
Nets remaining: 307
Finished routing net _5__bF$buf4
Nets remaining: 306
Finished routing net _5__bF$buf3
Nets remaining: 305
Finished routing net _171_
Nets remaining: 304
Finished routing net freeze_timer[10]
Nets remaining: 303
Finished routing net clk
Nets remaining: 302
Finished routing net clk_bF$buf2
Nets remaining: 301
Finished routing net clk_bF$buf1
Nets remaining: 300
Finished routing net clk_bF$buf0
Nets remaining: 299
Finished routing net _181__bF$buf3
Nets remaining: 298
Finished routing net _181__bF$buf2
Nets remaining: 297
Finished routing net _169__bF$buf3
Nets remaining: 296
Finished routing net _169__bF$buf2
Nets remaining: 295
Finished routing net _169__bF$buf1
Nets remaining: 294
Finished routing net _169__bF$buf0
Nets remaining: 293
Finished routing net _5_
Nets remaining: 292
Finished routing net _5__bF$buf2
Nets remaining: 291
Finished routing net _5__bF$buf1
Nets remaining: 290
Finished routing net _5__bF$buf0
Nets remaining: 289
Finished routing net _182_[2]
Nets remaining: 288
Finished routing net freeze_timer[13]
Nets remaining: 287
Finished routing net _79_
Nets remaining: 286
Finished routing net _179__bF$buf3
Nets remaining: 285
Finished routing net _179__bF$buf2
Nets remaining: 284
Finished routing net _173__bF$buf3
Nets remaining: 283
Finished routing net _173__bF$buf2
Nets remaining: 282
Finished routing net _173__bF$buf1
Nets remaining: 281
Finished routing net _181__bF$buf1
Nets remaining: 280
Finished routing net _181__bF$buf0
Nets remaining: 279
Finished routing net _182_[1]
Nets remaining: 278
Finished routing net freeze_timer[0]
Nets remaining: 277
Finished routing net freeze_timer[11]
Nets remaining: 276
Finished routing net freeze_timer[14]
Nets remaining: 275
Finished routing net _75_
Nets remaining: 274
Finished routing net _82_
Nets remaining: 273
Finished routing net _179_
Nets remaining: 272
Finished routing net _179__bF$buf1
Nets remaining: 271
Finished routing net _179__bF$buf0
Nets remaining: 270
Finished routing net _173_
Nets remaining: 269
Finished routing net _173__bF$buf0
Nets remaining: 268
Finished routing net _181_
Nets remaining: 267
Finished routing net _169_
Nets remaining: 266
Finished routing net correct_pin
Nets remaining: 265
Finished routing net freeze_timer[12]
Nets remaining: 264
Finished routing net _15_
Nets remaining: 263
Finished routing net freeze_timer[1]
Nets remaining: 262
Finished routing net freeze_timer[5]
Nets remaining: 261
Finished routing net _62_
Nets remaining: 260
Finished routing net _68_
Nets remaining: 259
Finished routing net _89_
Nets remaining: 258
Finished routing net _117_
Nets remaining: 257
Finished routing net _120_
Nets remaining: 256
Finished routing net _127_
Nets remaining: 255
Finished routing net exit
Nets remaining: 254
Finished routing net _170_
Nets remaining: 253
Finished routing net _182_[0]
Nets remaining: 252
Finished routing net _175_
Nets remaining: 251
Finished routing net _176_
Nets remaining: 250
Finished routing net _9_
Nets remaining: 249
Finished routing net _13_
Nets remaining: 248
Finished routing net freeze_timer[15]
Nets remaining: 247
Finished routing net _18_
Nets remaining: 246
Finished routing net freeze_timer[16]
Nets remaining: 245
Finished routing net freeze_timer[2]
Nets remaining: 244
Finished routing net _45_
Nets remaining: 243
Finished routing net _46_
Nets remaining: 242
Finished routing net _51_
Nets remaining: 241
Finished routing net _55_
Nets remaining: 240
Finished routing net _132_
Nets remaining: 239
Finished routing net _133_
Nets remaining: 238
Finished routing net _134_
Nets remaining: 237
Finished routing net _136_
Nets remaining: 236
Finished routing net _172_
Nets remaining: 235
Keeping route for net _174_
Finished routing net wrong_pin_counter[1]
Nets remaining: 233
Finished routing net wrong_pin_counter[0]
Nets remaining: 232
Finished routing net freeze_timer[9]
Nets remaining: 231
Finished routing net freeze_timer[7]
Nets remaining: 230
Finished routing net _12_
Nets remaining: 229
Finished routing net freeze_timer[6]
Nets remaining: 228
Finished routing net _14_
Nets remaining: 227
Finished routing net freeze_timer[8]
Nets remaining: 226
Finished routing net freeze_timer[27]
Nets remaining: 225
Finished routing net freeze_timer[26]
Nets remaining: 224
Finished routing net freeze_timer[25]
Nets remaining: 223
Finished routing net freeze_timer[24]
Nets remaining: 222
Keeping route for net freeze_timer[31]
Finished routing net freeze_timer[30]
Nets remaining: 220
Finished routing net freeze_timer[29]
Nets remaining: 219
Finished routing net freeze_timer[28]
Nets remaining: 218
Finished routing net freeze_timer[23]
Nets remaining: 217
Finished routing net freeze_timer[22]
Nets remaining: 216
Finished routing net freeze_timer[21]
Nets remaining: 215
Finished routing net freeze_timer[20]
Nets remaining: 214
Finished routing net freeze_timer[19]
Nets remaining: 213
Finished routing net freeze_timer[18]
Nets remaining: 212
Finished routing net freeze_timer[17]
Nets remaining: 211
Finished routing net _40_
Nets remaining: 210
Finished routing net freeze_timer[3]
Nets remaining: 209
Finished routing net freeze_timer[4]
Nets remaining: 208
Finished routing net _49_
Nets remaining: 207
Finished routing net _52_
Nets remaining: 206
Finished routing net _69_
Nets remaining: 205
Finished routing net _86_
Nets remaining: 204
Finished routing net _93_
Nets remaining: 203
Finished routing net _121_
Nets remaining: 202
Finished routing net _180_
Nets remaining: 201
Finished routing net _129_
Nets remaining: 200
Finished routing net _135_
Nets remaining: 199
Finished routing net _137_
Nets remaining: 198
Finished routing net _139_
Nets remaining: 197
Finished routing net _140_
Nets remaining: 196
Finished routing net amount_entered
Nets remaining: 195
Keeping route for net _144_
Keeping route for net cash_eject
Finished routing net _150_
Nets remaining: 192
Finished routing net withdraw
Nets remaining: 191
Finished routing net _154_
Nets remaining: 190
Finished routing net _156_
Nets remaining: 189
Finished routing net _159_
Nets remaining: 188
Finished routing net _178_
Nets remaining: 187
Finished routing net _6_
Nets remaining: 186
Finished routing net _7_
Nets remaining: 185
Finished routing net _8_
Nets remaining: 184
Keeping route for net _10_
Finished routing net _11_
Nets remaining: 182
Finished routing net _16_
Nets remaining: 181
Finished routing net _17_
Nets remaining: 180
Finished routing net _19_
Nets remaining: 179
Finished routing net _20_
Nets remaining: 178
Finished routing net _21_
Nets remaining: 177
Keeping route for net _22_
Finished routing net _23_
Nets remaining: 175
Finished routing net _24_
Nets remaining: 174
Keeping route for net _25_
Keeping route for net _26_
Finished routing net _27_
Nets remaining: 171
Finished routing net _28_
Nets remaining: 170
Keeping route for net _29_
Finished routing net _30_
Nets remaining: 168
Keeping route for net _31_
Finished routing net _32_
Nets remaining: 166
Finished routing net _33_
Nets remaining: 165
Keeping route for net _34_
Keeping route for net _35_
Finished routing net _36_
Nets remaining: 162
Finished routing net _2_[0]
Nets remaining: 161
Finished routing net _38_
Nets remaining: 160
Finished routing net _39_
Nets remaining: 159
Finished routing net _41_
Nets remaining: 158
Finished routing net _2_[1]
Nets remaining: 157
Finished routing net _42_
Nets remaining: 156
Finished routing net _43_
Nets remaining: 155
Finished routing net _2_[2]
Nets remaining: 154
Finished routing net _44_
Nets remaining: 153
Keeping route for net _47_
Finished routing net _2_[3]
Nets remaining: 151
Finished routing net _48_
Nets remaining: 150
Finished routing net _50_
Nets remaining: 149
Finished routing net _53_
Nets remaining: 148
Finished routing net _2_[4]
Nets remaining: 147
Finished routing net _54_
Nets remaining: 146
Keeping route for net _56_
Finished routing net _57_
Nets remaining: 144
Keeping route for net _58_
Finished routing net _2_[5]
Nets remaining: 142
Keeping route for net _59_
Finished routing net _60_
Nets remaining: 140
Finished routing net _2_[6]
Nets remaining: 139
Finished routing net _61_
Nets remaining: 138
Keeping route for net _63_
Finished routing net _64_
Nets remaining: 136
Finished routing net _2_[7]
Nets remaining: 135
Finished routing net _65_
Nets remaining: 134
Finished routing net _66_
Nets remaining: 133
Finished routing net _2_[8]
Nets remaining: 132
Finished routing net _67_
Nets remaining: 131
Keeping route for net _70_
Finished routing net _71_
Nets remaining: 129
Finished routing net _2_[9]
Nets remaining: 128
Finished routing net _72_
Nets remaining: 127
Finished routing net _73_
Nets remaining: 126
Keeping route for net _74_
Finished routing net _76_
Nets remaining: 124
Finished routing net _2_[10]
Nets remaining: 123
Keeping route for net _77_
Finished routing net _78_
Nets remaining: 121
Keeping route for net _80_
Finished routing net _2_[11]
Nets remaining: 119
Finished routing net _81_
Nets remaining: 118
Keeping route for net _83_
Finished routing net _84_
Nets remaining: 116
Finished routing net _2_[12]
Nets remaining: 115
Finished routing net _85_
Nets remaining: 114
Finished routing net _87_
Nets remaining: 113
Finished routing net _88_
Nets remaining: 112
Finished routing net _90_
Nets remaining: 111
Finished routing net _2_[13]
Nets remaining: 110
Finished routing net _91_
Nets remaining: 109
Finished routing net _92_
Nets remaining: 108
Finished routing net _94_
Nets remaining: 107
Keeping route for net _95_
Finished routing net _2_[14]
Nets remaining: 105
Finished routing net _96_
Nets remaining: 104
Finished routing net _97_
Nets remaining: 103
Finished routing net _98_
Nets remaining: 102
Keeping route for net _99_
Finished routing net _2_[15]
Nets remaining: 100
Finished routing net _100_
Nets remaining: 99
Finished routing net _101_
Nets remaining: 98
Finished routing net _2_[16]
Nets remaining: 97
Finished routing net _102_
Nets remaining: 96
Finished routing net _2_[17]
Nets remaining: 95
Keeping route for net _103_
Finished routing net _2_[18]
Nets remaining: 93
Finished routing net _104_
Nets remaining: 92
Finished routing net _2_[19]
Nets remaining: 91
Keeping route for net _105_
Finished routing net _2_[20]
Nets remaining: 89
Finished routing net _106_
Nets remaining: 88
Finished routing net _2_[21]
Nets remaining: 87
Keeping route for net _107_
Finished routing net _2_[22]
Nets remaining: 85
Keeping route for net _108_
Finished routing net _2_[23]
Nets remaining: 83
Finished routing net _109_
Nets remaining: 82
Finished routing net _2_[24]
Nets remaining: 81
Keeping route for net _110_
Finished routing net _2_[25]
Nets remaining: 79
Keeping route for net _111_
Finished routing net _2_[26]
Nets remaining: 77
Finished routing net _112_
Nets remaining: 76
Finished routing net _2_[27]
Nets remaining: 75
Keeping route for net _113_
Finished routing net _2_[28]
Nets remaining: 73
Finished routing net _114_
Nets remaining: 72
Finished routing net _2_[29]
Nets remaining: 71
Finished routing net _115_
Nets remaining: 70
Finished routing net _2_[30]
Nets remaining: 69
Finished routing net _116_
Nets remaining: 68
Finished routing net _2_[31]
Nets remaining: 67
Finished routing net _118_
Nets remaining: 66
Finished routing net _119_
Nets remaining: 65
Finished routing net _4_[0]
Nets remaining: 64
Keeping route for net _122_
Keeping route for net _123_
Finished routing net _124_
Nets remaining: 61
Keeping route for net _125_
Finished routing net _4_[1]
Nets remaining: 59
Finished routing net _1_
Nets remaining: 58
Keeping route for net _126_
Keeping route for net _128_
Finished routing net _130_
Nets remaining: 55
Finished routing net _0_
Nets remaining: 54
Finished routing net _131_
Nets remaining: 53
Keeping route for net balance_check
Finished routing net print_balance
Nets remaining: 51
Finished routing net _138_
Nets remaining: 50
Finished routing net _141_
Nets remaining: 49
Finished routing net _142_
Nets remaining: 48
Keeping route for net insert_card
Keeping route for net _143_
Finished routing net _145_
Nets remaining: 45
Keeping route for net _146_
Keeping route for net _147_
Finished routing net _148_
Nets remaining: 42
Finished routing net _3_[0]
Nets remaining: 41
Keeping route for net _149_
Finished routing net _151_
Nets remaining: 39
Finished routing net _152_
Nets remaining: 38
Finished routing net _153_
Nets remaining: 37
Finished routing net _155_
Nets remaining: 36
Finished routing net _157_
Nets remaining: 35
Finished routing net _158_
Nets remaining: 34
Finished routing net _3_[1]
Nets remaining: 33
Finished routing net _160_
Nets remaining: 32
Finished routing net _161_
Nets remaining: 31
Finished routing net _162_
Nets remaining: 30
Keeping route for net _163_
Finished routing net _164_
Nets remaining: 28
Finished routing net _165_
Nets remaining: 27
Finished routing net _166_
Nets remaining: 26
Keeping route for net _167_
Keeping route for net _168_
Keeping route for net _3_[2]
Finished routing net reset
Nets remaining: 22
Finished routing net auth_success
Nets remaining: 21
Keeping route for net freeze
Finished routing net state[0]
Nets remaining: 19
Keeping route for net state[1]
Keeping route for net state[2]

----------------------------------------------
Progress: Stage 3 total routes completed: 1898
No failed routes!
----------------------------------------------
*** Writing DEF file atm_fsm_route.def
emit_routes():  DEF file has 313 nets and 3 specialnets.
but qrouter wants to write 314 nets and specialnets.
----------------------------------------------
Final: No failed routes!
----------------------------------------------
*** Writing RC file atm_fsm_route.rc
Running annotate.tcl antenna.out /home/robot/Desktop/ASIC/Project/synthesis/atm_fsm.rtlnopwr.v
  /home/robot/Desktop/ASIC/Project/synthesis/atm_fsm.spc /home/robot/Desktop/ASIC/Project/synthesis/atm_fsm.rtlnopwr.anno.v
  /home/robot/Desktop/ASIC/Project/synthesis/atm_fsm.anno.spc  /usr/local/share/qflow/tech/osu035/osu035_stdcells.sp /home/robot/Desktop/ASIC/Project/synthesis/atm_fsm_powerground
Running annotate.tcl
found cell FILL pinlist vdd gnd
Done with annotate.tcl
Router script ended on Wed 16 Apr 2025 02:38:14 AM PDT
