
Cell CLKBUF1 disconnected node: A
Cell CLKBUF1 disconnected node: gnd
Cell CLKBUF1 disconnected node: Y
Cell CLKBUF1 disconnected node: vdd

Subcircuit pins:
Circuit 1: CLKBUF1                         |Circuit 2: CLKBUF1                         
-------------------------------------------|-------------------------------------------
A                                          |A                                          
gnd                                        |gnd                                        
Y                                          |Y                                          
vdd                                        |vdd                                        
---------------------------------------------------------------------------------------
Cell pin lists are equivalent.
Device classes CLKBUF1 and CLKBUF1 are equivalent.

Cell BUFX4 disconnected node: A
Cell BUFX4 disconnected node: gnd
Cell BUFX4 disconnected node: Y
Cell BUFX4 disconnected node: vdd

Subcircuit pins:
Circuit 1: BUFX4                           |Circuit 2: BUFX4                           
-------------------------------------------|-------------------------------------------
A                                          |A                                          
gnd                                        |gnd                                        
Y                                          |Y                                          
vdd                                        |vdd                                        
---------------------------------------------------------------------------------------
Cell pin lists are equivalent.
Device classes BUFX4 and BUFX4 are equivalent.

Cell BUFX2 disconnected node: A
Cell BUFX2 disconnected node: gnd
Cell BUFX2 disconnected node: Y
Cell BUFX2 disconnected node: vdd

Subcircuit pins:
Circuit 1: BUFX2                           |Circuit 2: BUFX2                           
-------------------------------------------|-------------------------------------------
A                                          |A                                          
gnd                                        |gnd                                        
Y                                          |Y                                          
vdd                                        |vdd                                        
---------------------------------------------------------------------------------------
Cell pin lists are equivalent.
Device classes BUFX2 and BUFX2 are equivalent.

Cell INVX8 disconnected node: A
Cell INVX8 disconnected node: gnd
Cell INVX8 disconnected node: Y
Cell INVX8 disconnected node: vdd

Subcircuit pins:
Circuit 1: INVX8                           |Circuit 2: INVX8                           
-------------------------------------------|-------------------------------------------
A                                          |A                                          
gnd                                        |gnd                                        
Y                                          |Y                                          
vdd                                        |vdd                                        
---------------------------------------------------------------------------------------
Cell pin lists are equivalent.
Device classes INVX8 and INVX8 are equivalent.

Cell INVX1 disconnected node: A
Cell INVX1 disconnected node: gnd
Cell INVX1 disconnected node: Y
Cell INVX1 disconnected node: vdd

Subcircuit pins:
Circuit 1: INVX1                           |Circuit 2: INVX1                           
-------------------------------------------|-------------------------------------------
A                                          |A                                          
gnd                                        |gnd                                        
Y                                          |Y                                          
vdd                                        |vdd                                        
---------------------------------------------------------------------------------------
Cell pin lists are equivalent.
Device classes INVX1 and INVX1 are equivalent.

Cell INVX2 disconnected node: A
Cell INVX2 disconnected node: gnd
Cell INVX2 disconnected node: Y
Cell INVX2 disconnected node: vdd

Subcircuit pins:
Circuit 1: INVX2                           |Circuit 2: INVX2                           
-------------------------------------------|-------------------------------------------
A                                          |A                                          
gnd                                        |gnd                                        
Y                                          |Y                                          
vdd                                        |vdd                                        
---------------------------------------------------------------------------------------
Cell pin lists are equivalent.
Device classes INVX2 and INVX2 are equivalent.

Cell NOR2X1 disconnected node: A
Cell NOR2X1 disconnected node: B
Cell NOR2X1 disconnected node: gnd
Cell NOR2X1 disconnected node: Y
Cell NOR2X1 disconnected node: vdd

Subcircuit pins:
Circuit 1: NOR2X1                          |Circuit 2: NOR2X1                          
-------------------------------------------|-------------------------------------------
A                                          |A                                          
B                                          |B                                          
gnd                                        |gnd                                        
Y                                          |Y                                          
vdd                                        |vdd                                        
---------------------------------------------------------------------------------------
Cell pin lists are equivalent.
Device classes NOR2X1 and NOR2X1 are equivalent.

Cell NAND2X1 disconnected node: A
Cell NAND2X1 disconnected node: B
Cell NAND2X1 disconnected node: gnd
Cell NAND2X1 disconnected node: Y
Cell NAND2X1 disconnected node: vdd

Subcircuit pins:
Circuit 1: NAND2X1                         |Circuit 2: NAND2X1                         
-------------------------------------------|-------------------------------------------
A                                          |A                                          
B                                          |B                                          
gnd                                        |gnd                                        
Y                                          |Y                                          
vdd                                        |vdd                                        
---------------------------------------------------------------------------------------
Cell pin lists are equivalent.
Device classes NAND2X1 and NAND2X1 are equivalent.

Cell NAND3X1 disconnected node: A
Cell NAND3X1 disconnected node: B
Cell NAND3X1 disconnected node: C
Cell NAND3X1 disconnected node: gnd
Cell NAND3X1 disconnected node: Y
Cell NAND3X1 disconnected node: vdd

Subcircuit pins:
Circuit 1: NAND3X1                         |Circuit 2: NAND3X1                         
-------------------------------------------|-------------------------------------------
A                                          |A                                          
B                                          |B                                          
C                                          |C                                          
gnd                                        |gnd                                        
Y                                          |Y                                          
vdd                                        |vdd                                        
---------------------------------------------------------------------------------------
Cell pin lists are equivalent.
Device classes NAND3X1 and NAND3X1 are equivalent.

Cell OAI21X1 disconnected node: A
Cell OAI21X1 disconnected node: B
Cell OAI21X1 disconnected node: C
Cell OAI21X1 disconnected node: gnd
Cell OAI21X1 disconnected node: Y
Cell OAI21X1 disconnected node: vdd

Subcircuit pins:
Circuit 1: OAI21X1                         |Circuit 2: OAI21X1                         
-------------------------------------------|-------------------------------------------
A                                          |A                                          
B                                          |B                                          
C                                          |C                                          
gnd                                        |gnd                                        
Y                                          |Y                                          
vdd                                        |vdd                                        
---------------------------------------------------------------------------------------
Cell pin lists are equivalent.
Device classes OAI21X1 and OAI21X1 are equivalent.

Cell AND2X2 disconnected node: A
Cell AND2X2 disconnected node: B
Cell AND2X2 disconnected node: gnd
Cell AND2X2 disconnected node: Y
Cell AND2X2 disconnected node: vdd

Subcircuit pins:
Circuit 1: AND2X2                          |Circuit 2: AND2X2                          
-------------------------------------------|-------------------------------------------
A                                          |A                                          
B                                          |B                                          
gnd                                        |gnd                                        
Y                                          |Y                                          
vdd                                        |vdd                                        
---------------------------------------------------------------------------------------
Cell pin lists are equivalent.
Device classes AND2X2 and AND2X2 are equivalent.

Cell AOI21X1 disconnected node: A
Cell AOI21X1 disconnected node: B
Cell AOI21X1 disconnected node: C
Cell AOI21X1 disconnected node: gnd
Cell AOI21X1 disconnected node: Y
Cell AOI21X1 disconnected node: vdd

Subcircuit pins:
Circuit 1: AOI21X1                         |Circuit 2: AOI21X1                         
-------------------------------------------|-------------------------------------------
A                                          |A                                          
B                                          |B                                          
C                                          |C                                          
gnd                                        |gnd                                        
Y                                          |Y                                          
vdd                                        |vdd                                        
---------------------------------------------------------------------------------------
Cell pin lists are equivalent.
Device classes AOI21X1 and AOI21X1 are equivalent.

Cell OR2X2 disconnected node: A
Cell OR2X2 disconnected node: B
Cell OR2X2 disconnected node: gnd
Cell OR2X2 disconnected node: Y
Cell OR2X2 disconnected node: vdd

Subcircuit pins:
Circuit 1: OR2X2                           |Circuit 2: OR2X2                           
-------------------------------------------|-------------------------------------------
A                                          |A                                          
B                                          |B                                          
gnd                                        |gnd                                        
Y                                          |Y                                          
vdd                                        |vdd                                        
---------------------------------------------------------------------------------------
Cell pin lists are equivalent.
Device classes OR2X2 and OR2X2 are equivalent.

Cell XOR2X1 disconnected node: A
Cell XOR2X1 disconnected node: B
Cell XOR2X1 disconnected node: gnd
Cell XOR2X1 disconnected node: Y
Cell XOR2X1 disconnected node: vdd

Subcircuit pins:
Circuit 1: XOR2X1                          |Circuit 2: XOR2X1                          
-------------------------------------------|-------------------------------------------
A                                          |A                                          
B                                          |B                                          
gnd                                        |gnd                                        
Y                                          |Y                                          
vdd                                        |vdd                                        
---------------------------------------------------------------------------------------
Cell pin lists are equivalent.
Device classes XOR2X1 and XOR2X1 are equivalent.

Cell XNOR2X1 disconnected node: A
Cell XNOR2X1 disconnected node: B
Cell XNOR2X1 disconnected node: gnd
Cell XNOR2X1 disconnected node: Y
Cell XNOR2X1 disconnected node: vdd

Subcircuit pins:
Circuit 1: XNOR2X1                         |Circuit 2: XNOR2X1                         
-------------------------------------------|-------------------------------------------
A                                          |A                                          
B                                          |B                                          
gnd                                        |gnd                                        
Y                                          |Y                                          
vdd                                        |vdd                                        
---------------------------------------------------------------------------------------
Cell pin lists are equivalent.
Device classes XNOR2X1 and XNOR2X1 are equivalent.

Cell NOR3X1 disconnected node: A
Cell NOR3X1 disconnected node: B
Cell NOR3X1 disconnected node: C
Cell NOR3X1 disconnected node: gnd
Cell NOR3X1 disconnected node: Y
Cell NOR3X1 disconnected node: vdd

Subcircuit pins:
Circuit 1: NOR3X1                          |Circuit 2: NOR3X1                          
-------------------------------------------|-------------------------------------------
A                                          |A                                          
B                                          |B                                          
C                                          |C                                          
gnd                                        |gnd                                        
Y                                          |Y                                          
vdd                                        |vdd                                        
---------------------------------------------------------------------------------------
Cell pin lists are equivalent.
Device classes NOR3X1 and NOR3X1 are equivalent.

Cell OAI22X1 disconnected node: A
Cell OAI22X1 disconnected node: B
Cell OAI22X1 disconnected node: C
Cell OAI22X1 disconnected node: D
Cell OAI22X1 disconnected node: gnd
Cell OAI22X1 disconnected node: Y
Cell OAI22X1 disconnected node: vdd

Subcircuit pins:
Circuit 1: OAI22X1                         |Circuit 2: OAI22X1                         
-------------------------------------------|-------------------------------------------
A                                          |A                                          
B                                          |B                                          
C                                          |C                                          
D                                          |D                                          
gnd                                        |gnd                                        
Y                                          |Y                                          
vdd                                        |vdd                                        
---------------------------------------------------------------------------------------
Cell pin lists are equivalent.
Device classes OAI22X1 and OAI22X1 are equivalent.

Cell AOI22X1 disconnected node: A
Cell AOI22X1 disconnected node: B
Cell AOI22X1 disconnected node: C
Cell AOI22X1 disconnected node: D
Cell AOI22X1 disconnected node: gnd
Cell AOI22X1 disconnected node: Y
Cell AOI22X1 disconnected node: vdd

Subcircuit pins:
Circuit 1: AOI22X1                         |Circuit 2: AOI22X1                         
-------------------------------------------|-------------------------------------------
A                                          |A                                          
B                                          |B                                          
C                                          |C                                          
D                                          |D                                          
gnd                                        |gnd                                        
Y                                          |Y                                          
vdd                                        |vdd                                        
---------------------------------------------------------------------------------------
Cell pin lists are equivalent.
Device classes AOI22X1 and AOI22X1 are equivalent.

Cell DFFSR disconnected node: Q
Cell DFFSR disconnected node: CLK
Cell DFFSR disconnected node: R
Cell DFFSR disconnected node: S
Cell DFFSR disconnected node: D
Cell DFFSR disconnected node: gnd
Cell DFFSR disconnected node: vdd

Subcircuit pins:
Circuit 1: DFFSR                           |Circuit 2: DFFSR                           
-------------------------------------------|-------------------------------------------
Q                                          |Q                                          
CLK                                        |CLK                                        
R                                          |R                                          
S                                          |S                                          
D                                          |D                                          
gnd                                        |gnd                                        
vdd                                        |vdd                                        
---------------------------------------------------------------------------------------
Cell pin lists are equivalent.
Device classes DFFSR and DFFSR are equivalent.

Cell atm_fsm disconnected node: pin_input[0]
Cell atm_fsm disconnected node: pin_input[1]
Cell atm_fsm disconnected node: pin_input[2]
Cell atm_fsm disconnected node: pin_input[3]
Cell atm_fsm disconnected node: pin_input[4]
Cell atm_fsm disconnected node: pin_input[5]
Cell atm_fsm disconnected node: pin_input[6]
Cell atm_fsm disconnected node: pin_input[7]
Cell atm_fsm disconnected node: pin_input[8]
Cell atm_fsm disconnected node: pin_input[9]
Cell atm_fsm disconnected node: pin_input[10]
Cell atm_fsm disconnected node: pin_input[11]
Cell atm_fsm disconnected node: pin_input[12]
Cell atm_fsm disconnected node: pin_input[13]
Cell atm_fsm disconnected node: pin_input[14]
Cell atm_fsm disconnected node: pin_input[15]

Cell atm_fsm disconnected node: pin_input[0]
Cell atm_fsm disconnected node: pin_input[1]
Cell atm_fsm disconnected node: pin_input[2]
Cell atm_fsm disconnected node: pin_input[3]
Cell atm_fsm disconnected node: pin_input[4]
Cell atm_fsm disconnected node: pin_input[5]
Cell atm_fsm disconnected node: pin_input[6]
Cell atm_fsm disconnected node: pin_input[7]
Cell atm_fsm disconnected node: pin_input[8]
Cell atm_fsm disconnected node: pin_input[9]
Cell atm_fsm disconnected node: pin_input[10]
Cell atm_fsm disconnected node: pin_input[11]
Cell atm_fsm disconnected node: pin_input[12]
Cell atm_fsm disconnected node: pin_input[13]
Cell atm_fsm disconnected node: pin_input[14]
Cell atm_fsm disconnected node: pin_input[15]

Subcircuit summary:
Circuit 1: atm_fsm                         |Circuit 2: atm_fsm                         
-------------------------------------------|-------------------------------------------
NOR2X1 (43)                                |NOR2X1 (43)                                
BUFX2 (7)                                  |BUFX2 (7)                                  
NAND3X1 (25)                               |NAND3X1 (25)                               
OAI21X1 (59)                               |OAI21X1 (59)                               
OAI22X1 (2)                                |OAI22X1 (2)                                
NAND2X1 (28)                               |NAND2X1 (28)                               
DFFSR (39)                                 |DFFSR (39)                                 
BUFX4 (20)                                 |BUFX4 (20)                                 
XOR2X1 (1)                                 |XOR2X1 (1)                                 
INVX2 (9)                                  |INVX2 (9)                                  
OR2X2 (3)                                  |OR2X2 (3)                                  
INVX1 (22)                                 |INVX1 (22)                                 
AOI21X1 (6)                                |AOI21X1 (6)                                
NOR3X1 (3)                                 |NOR3X1 (3)                                 
AND2X2 (4)                                 |AND2X2 (4)                                 
AOI22X1 (3)                                |AOI22X1 (3)                                
XNOR2X1 (3)                                |XNOR2X1 (3)                                
CLKBUF1 (6)                                |CLKBUF1 (6)                                
INVX8 (3)                                  |INVX8 (3)                                  
Number of devices: 286                     |Number of devices: 286                     
Number of nets: 298                        |Number of nets: 298                        
---------------------------------------------------------------------------------------
Circuits match uniquely.
Netlists match uniquely.

Subcircuit pins:
Circuit 1: atm_fsm                         |Circuit 2: atm_fsm                         
-------------------------------------------|-------------------------------------------
correct_pin                                |correct_pin                                
exit                                       |exit                                       
clk                                        |clk                                        
print_balance                              |print_balance                              
balance_check                              |balance_check                              
insert_card                                |insert_card                                
reset                                      |reset                                      
auth_success                               |auth_success                               
state[0]                                   |state[0]                                   
state[1]                                   |state[1]                                   
freeze                                     |freeze                                     
state[2]                                   |state[2]                                   
amount_entered                             |amount_entered                             
cash_eject                                 |cash_eject                                 
withdraw                                   |withdraw                                   
vdd                                        |vdd                                        
gnd                                        |gnd                                        
pin_input[0]                               |pin_input[0]                               
pin_input[1]                               |pin_input[1]                               
pin_input[2]                               |pin_input[2]                               
pin_input[3]                               |pin_input[3]                               
pin_input[4]                               |pin_input[4]                               
pin_input[5]                               |pin_input[5]                               
pin_input[6]                               |pin_input[6]                               
pin_input[7]                               |pin_input[7]                               
pin_input[8]                               |pin_input[8]                               
pin_input[9]                               |pin_input[9]                               
pin_input[10]                              |pin_input[10]                              
pin_input[11]                              |pin_input[11]                              
pin_input[12]                              |pin_input[12]                              
pin_input[13]                              |pin_input[13]                              
pin_input[14]                              |pin_input[14]                              
pin_input[15]                              |pin_input[15]                              
---------------------------------------------------------------------------------------
Cell pin lists are equivalent.
Device classes atm_fsm and atm_fsm are equivalent.
Circuits match uniquely.
